This is pdfTeX, Version 3.14159265-2.6-1.40.15 (TeX Live 2014) (preloaded format=mex 2014.5.25)  4 MAY 2015 17:40
entering extended mode
 restricted \write18 enabled.
 %&-line parsing enabled.
**interp_c.cpp
(./interp_c.cpp
This is MeX  Version 1.05  18 XII 1993  (B. Jackowski & M. Ry\'cko)
! Missing $ inserted.
<inserted text> 
                $
<to be read again> 
                   _
l.2  * interp_
              c.cpp - example in MATLAB External Interfaces
? 
! Missing $ inserted.
<inserted text> 
                $
<to be read again> 
                   \par 
l.9 
    
? 

Overfull \hbox (11.35753pt too wide) in paragraph at lines 1--9
[]\tenrm /*==========================================================|

\hbox(7.5+2.5)x469.75499
.\hbox(0.0+0.0)x20.0
.\tenrm /
.\tenrm *
.\tenrm =
.\tenrm =
.etc.


Overfull \hbox (161.07124pt too wide) in paragraph at lines 1--9
\tenrm * interp$[]\teni :cpp \tensy ^^@ \teni exampleinMATLABExternalInterfaces
ThisfunctioninterpolatesagivenfunctionXusingthegivenhorizontalandverticalmaps \
tensy ^^C|

\hbox(7.5+1.94444)x469.75499, glue set - 1.0
.\tenrm *
.\glue 3.33333 plus 1.66666 minus 1.11111
.\tenrm i
.\tenrm n
.\kern-0.27779
.etc.


Overfull \hbox (81.35312pt too wide) in paragraph at lines 1--9
\teni Author \tenrm : \teni BurakUzkent \tensy ^^C ^^C \tenrm =================
=======================================|

\hbox(6.94444+0.0)x469.75499, glue set - 1.0
.\teni A
.\teni u
.\teni t
.\teni h
.\teni o
.etc.

! You can't use `macro parameter character #' in vertical mode.
l.10 #
      include "mex.h"
? 
! You can't use `macro parameter character #' in horizontal mode.
l.11 #
      include "math.h"
? 
! Missing $ inserted.
<inserted text> 
                $
<to be read again> 
                   _
l.17     double *out,*in,*map_
                              x,*map_y;
? 
! Missing $ inserted.
<inserted text> 
                $
<to be read again> 
                   \par 
l.20 
     
? 

Overfull \hbox (16.9911pt too wide) in paragraph at lines 13--20
\tenrm mxAr-ray *in-Ma-trix,*outMatrix,*mapMatrix; /* out-put ma-trix */ do-ubl
e *out,*in,*map$[]\teni ; \tensy ^^C\teni map[]\tenrm ; \teni constmwSize \tens
y ^^C|

\hbox(7.5+2.86108)x469.75499, glue set - 1.0
.\tenrm m
.\tenrm x
.\tenrm A
.\tenrm r
.\discretionary
..\tenrm -
.etc.

! Missing $ inserted.
<inserted text> 
                $
<to be read again> 
                   _
l.25     map_
             x = mxGetPr(mxDuplicateArray((prhs[1])));
? 
! Missing $ inserted.
<inserted text> 
                $
<to be read again> 
                   \par 
l.27 
     
? 

Overfull \hbox (54.00737pt too wide) in paragraph at lines 24--27
[]\tenrm /* cre-ate a po-in-ter to the real data in the in-put ma-trix */ map$[
] = \teni mxGetPr\tenrm (\teni mxDuplicateArray\tenrm ((\teni prhs\tenrm [1])))
; \teni map[] \tenrm =|

\hbox(7.5+2.86108)x469.75499, glue set - 1.0
.\hbox(0.0+0.0)x20.0
.\tenrm /
.\tenrm *
.\glue 3.33333 plus 1.66666 minus 1.11111
.\tenrm c
.etc.


Overfull \hbox (62.48232pt too wide) in paragraph at lines 32--35
[]\tenrm //associate out-puts out-Ma-trix = plhs[0] = mxCre-ate-Do-uble-Ma-trix
(dimy,dimx,mxREAL); out = mxGetPr(outMatrix); |

\hbox(7.5+2.5)x469.75499, glue set - 1.0
.\hbox(0.0+0.0)x20.0
.\tenrm /
.\tenrm /
.\tenrm a
.\tenrm s
.etc.

! Missing $ inserted.
<inserted text> 
                $
<to be read again> 
                   _
l.42          x = round(map_
                            x[i*dimy+j]);
? 
! Extra }, or forgotten $.
l.47         }
              
? 
! Extra }, or forgotten $.
l.48     }
          
? 
! Missing $ inserted.
<inserted text> 
                $
<to be read again> 
                   \par 
l.49 
     
? 
! Missing $ inserted.
<inserted text> 
                $
<to be read again> 
                   _
l.54 //          x = round(map_
                               x[i*dimy+j]);
? 
! Extra }, or forgotten $.
l.66 //         }
                 
? 
! Extra }, or forgotten $.
l.67 //     }
             
? 
! Extra }, or forgotten $.
l.68 }
      
? 
)
*
! Missing $ inserted.
<inserted text> 
                $
<to be read again> 
                   \par 
<*> 
    
? 
(Please type a command or say `\end')
*
(Please type a command or say `\end')
*
(Please type a command or say `\end')
*
(Please type a command or say `\end')
*
(Please type a command or say `\end')
*
(Please type a command or say `\end')
*
(Please type a command or say `\end')
*
(Please type a command or say `\end')
*
(Please type a command or say `\end')
*
(Please type a command or say `\end')
*
(Please type a command or say `\end')
*
(Please type a command or say `\end')
*
(Please type a command or say `\end')
*
(Please type a command or say `\end')
*
(Please type a command or say `\end')
*\end
[1]
(\end occurred inside a group at level 5)

### simple group (level 5) entered at line 53 ({)
### simple group (level 4) entered at line 52 ({)
### simple group (level 3) entered at line 41 ({)
### simple group (level 2) entered at line 40 ({)
### simple group (level 1) entered at line 15 ({)
### bottom level
Output written on interp_c.dvi (1 page, 3244 bytes).
